<?xml version="1.0" encoding="UTF-8"?>
<robot generator="Robot 6.1.1 (Python 3.10.8 on win32)" generated="20230822 18:09:35.317" rpa="false" schemaversion="4">
<suite id="s1" name="Suites">
<suite id="s1-s1" name="SetupAndTearDown" source="C:\Users\Sayanava_Adhikari\PycharmProjects\LearningRobotFramework\TestCases\SetupAndTearDown.robot">
<kw name="Log To Console" library="BuiltIn" type="SETUP">
<arg>Opening browser</arg>
<doc>Logs the given message to the console.</doc>
<status status="PASS" starttime="20230822 18:09:35.522" endtime="20230822 18:09:35.523"/>
</kw>
<test id="s1-s1-t1" name="TC1 Prepaid Recharge" line="11">
<kw name="Log To Console" library="BuiltIn" type="SETUP">
<arg>Logging into application</arg>
<doc>Logs the given message to the console.</doc>
<status status="PASS" starttime="20230822 18:09:35.524" endtime="20230822 18:09:35.524"/>
</kw>
<kw name="Log To Console" library="BuiltIn">
<arg>This is prepaid recharge testcase</arg>
<doc>Logs the given message to the console.</doc>
<status status="PASS" starttime="20230822 18:09:35.525" endtime="20230822 18:09:35.525"/>
</kw>
<kw name="Log To Console" library="BuiltIn" type="TEARDOWN">
<arg>Logout from application</arg>
<doc>Logs the given message to the console.</doc>
<status status="PASS" starttime="20230822 18:09:35.525" endtime="20230822 18:09:35.525"/>
</kw>
<tag>Sayanava</tag>
<status status="PASS" starttime="20230822 18:09:35.523" endtime="20230822 18:09:35.525"/>
</test>
<test id="s1-s1-t2" name="TC2 Postpaid Recharge" line="15">
<kw name="Log To Console" library="BuiltIn" type="SETUP">
<arg>Logging into application</arg>
<doc>Logs the given message to the console.</doc>
<status status="PASS" starttime="20230822 18:09:35.526" endtime="20230822 18:09:35.527"/>
</kw>
<kw name="Log To Console" library="BuiltIn">
<arg>This is postpaid recharge testcase</arg>
<doc>Logs the given message to the console.</doc>
<status status="PASS" starttime="20230822 18:09:35.527" endtime="20230822 18:09:35.527"/>
</kw>
<kw name="Log To Console" library="BuiltIn" type="TEARDOWN">
<arg>Logout from application</arg>
<doc>Logs the given message to the console.</doc>
<status status="PASS" starttime="20230822 18:09:35.527" endtime="20230822 18:09:35.528"/>
</kw>
<tag>Adhikari</tag>
<status status="PASS" starttime="20230822 18:09:35.526" endtime="20230822 18:09:35.528"/>
</test>
<test id="s1-s1-t3" name="TC3 Sayanava CICD" line="19">
<kw name="Log To Console" library="BuiltIn" type="SETUP">
<arg>Logging into application</arg>
<doc>Logs the given message to the console.</doc>
<status status="PASS" starttime="20230822 18:09:35.529" endtime="20230822 18:09:35.530"/>
</kw>
<kw name="Log To Console" library="BuiltIn">
<arg>Sayanava testing CICD pipeline</arg>
<doc>Logs the given message to the console.</doc>
<status status="PASS" starttime="20230822 18:09:35.530" endtime="20230822 18:09:35.530"/>
</kw>
<kw name="Log To Console" library="BuiltIn" type="TEARDOWN">
<arg>Logout from application</arg>
<doc>Logs the given message to the console.</doc>
<status status="PASS" starttime="20230822 18:09:35.530" endtime="20230822 18:09:35.531"/>
</kw>
<tag>Adhikari</tag>
<status status="PASS" starttime="20230822 18:09:35.529" endtime="20230822 18:09:35.531"/>
</test>
<kw name="Log To Console" library="BuiltIn" type="TEARDOWN">
<arg>Closing Browser</arg>
<doc>Logs the given message to the console.</doc>
<status status="PASS" starttime="20230822 18:09:35.532" endtime="20230822 18:09:35.532"/>
</kw>
<doc>Suite description</doc>
<status status="PASS" starttime="20230822 18:09:35.343" endtime="20230822 18:09:35.532"/>
</suite>
<status status="PASS" starttime="20230822 18:09:35.327" endtime="20230822 18:09:35.533"/>
</suite>
<statistics>
<total>
<stat pass="3" fail="0" skip="0">All Tests</stat>
</total>
<tag>
<stat pass="2" fail="0" skip="0">Adhikari</stat>
<stat pass="1" fail="0" skip="0">Sayanava</stat>
</tag>
<suite>
<stat pass="3" fail="0" skip="0" id="s1" name="Suites">Suites</stat>
<stat pass="3" fail="0" skip="0" id="s1-s1" name="SetupAndTearDown">Suites.SetupAndTearDown</stat>
</suite>
</statistics>
<errors>
</errors>
</robot>
