<?xml version="1.0" encoding="UTF-8"?>
<robot generator="Robot 6.1.1 (Python 3.10.8 on win32)" generated="20230822 18:09:35.313" rpa="false" schemaversion="4">
<suite id="s1" name="Suites">
<suite id="s1-s1" name="ForLooping" source="C:\Users\Sayanava_Adhikari\PycharmProjects\LearningRobotFramework\TestCases\ForLooping.robot">
<test id="s1-s1-t1" name="ForLoopTestingwithList" line="16">
<kw name="Create List" library="BuiltIn">
<var>@{items}</var>
<arg>1</arg>
<arg>2</arg>
<arg>3</arg>
<arg>4</arg>
<arg>5</arg>
<doc>Returns a list containing given items.</doc>
<msg timestamp="20230822 18:09:35.514" level="INFO">@{items} = [ 1 | 2 | 3 | 4 | 5 ]</msg>
<status status="PASS" starttime="20230822 18:09:35.513" endtime="20230822 18:09:35.514"/>
</kw>
<for flavor="IN">
<var>${i}</var>
<value>@{items}</value>
<iter>
<var name="${i}">1</var>
<kw name="Log To Console" library="BuiltIn">
<arg>${i}</arg>
<doc>Logs the given message to the console.</doc>
<status status="PASS" starttime="20230822 18:09:35.514" endtime="20230822 18:09:35.515"/>
</kw>
<kw name="Exit For Loop If" library="BuiltIn">
<arg>${i}==3</arg>
<doc>Stops executing the enclosing FOR loop if the ``condition`` is true.</doc>
<status status="PASS" starttime="20230822 18:09:35.515" endtime="20230822 18:09:35.516"/>
</kw>
<status status="PASS" starttime="20230822 18:09:35.514" endtime="20230822 18:09:35.517"/>
</iter>
<iter>
<var name="${i}">2</var>
<kw name="Log To Console" library="BuiltIn">
<arg>${i}</arg>
<doc>Logs the given message to the console.</doc>
<status status="PASS" starttime="20230822 18:09:35.517" endtime="20230822 18:09:35.517"/>
</kw>
<kw name="Exit For Loop If" library="BuiltIn">
<arg>${i}==3</arg>
<doc>Stops executing the enclosing FOR loop if the ``condition`` is true.</doc>
<status status="PASS" starttime="20230822 18:09:35.518" endtime="20230822 18:09:35.518"/>
</kw>
<status status="PASS" starttime="20230822 18:09:35.517" endtime="20230822 18:09:35.518"/>
</iter>
<iter>
<var name="${i}">3</var>
<kw name="Log To Console" library="BuiltIn">
<arg>${i}</arg>
<doc>Logs the given message to the console.</doc>
<status status="PASS" starttime="20230822 18:09:35.519" endtime="20230822 18:09:35.519"/>
</kw>
<kw name="Exit For Loop If" library="BuiltIn">
<arg>${i}==3</arg>
<doc>Stops executing the enclosing FOR loop if the ``condition`` is true.</doc>
<msg timestamp="20230822 18:09:35.520" level="INFO">Exiting for loop altogether.</msg>
<status status="PASS" starttime="20230822 18:09:35.519" endtime="20230822 18:09:35.520"/>
</kw>
<status status="PASS" starttime="20230822 18:09:35.518" endtime="20230822 18:09:35.520"/>
</iter>
<status status="PASS" starttime="20230822 18:09:35.514" endtime="20230822 18:09:35.520"/>
</for>
<status status="PASS" starttime="20230822 18:09:35.513" endtime="20230822 18:09:35.521"/>
</test>
<doc>Suite description</doc>
<status status="PASS" starttime="20230822 18:09:35.340" endtime="20230822 18:09:35.521"/>
</suite>
<status status="PASS" starttime="20230822 18:09:35.323" endtime="20230822 18:09:35.523"/>
</suite>
<statistics>
<total>
<stat pass="1" fail="0" skip="0">All Tests</stat>
</total>
<tag>
</tag>
<suite>
<stat pass="1" fail="0" skip="0" id="s1" name="Suites">Suites</stat>
<stat pass="1" fail="0" skip="0" id="s1-s1" name="ForLooping">Suites.ForLooping</stat>
</suite>
</statistics>
<errors>
</errors>
</robot>
